[11036:17476:0331/194410:INFO:AppRunner.cpp(619)] Begin run process geeplayer
[11036:17476:0331/194410:INFO:AppRunner.cpp(623)] ProductName is GeePlayer1
[11036:17476:0331/194410:INFO:AppRunner.cpp(662)] apppluginbase version is 4.3.4.79
[11036:17476:0331/194410:INFO:UIlib.cpp(192)] quilib: version is 4.3.4.77
[11036:17476:0331/194410:INFO:serviceManager.cpp(687)] mainprocessisrunning key is set as 1
[11036:17476:0331/194410:INFO:serviceManager.cpp(800)] create local service plugin PluginServerStatePlugin
[11036:17476:0331/194410:INFO:serviceManager.cpp(857)] plugin PluginServerStatePlugin DoPluginInit
[11036:17476:0331/194410:INFO:serviceManager.cpp(1523)] repository parse over
[11036:17476:0331/194411:INFO:UIManager.cpp(372)] quilib:call set resouce path, path is c:\program files (x86)\geeplayer\2.5.31.3010\skin
[11036:17476:0331/194419:INFO:AppRunner.cpp(715)] loop exit geeplayer call main plugin DestoryPluginEntry
[11036:17476:0331/194419:INFO:IPlugin.cpp(117)] real plugin mainPlugin call DestroyPlugin
[11036:17476:0331/194419:INFO:IPlugin.cpp(374)] destruct plugin mainPlugin
[11036:17476:0331/194419:INFO:serviceManager.cpp(1608)] mainPlugin plugin had destroy by DestructPlugin
[11036:17476:0331/194419:INFO:serviceManager.cpp(2532)] DestructManager begin
[11036:17476:0331/194419:INFO:IPlugin.cpp(374)] destruct plugin PluginServerStatePlugin
[11036:17476:0331/194419:INFO:IPlugin.cpp(286)] real plugin PluginServerStatePlugin call DestroyPlugin
[11036:17476:0331/194419:INFO:serviceManager.cpp(1608)] PluginServerStatePlugin plugin had destroy by DestructPlugin
[11036:17476:0331/194419:INFO:serviceManager.cpp(2408)] DeleteLeftPlugins begin
[11036:17476:0331/194419:INFO:serviceManager.cpp(2470)] DeleteLeftPlugins end
[11036:17476:0331/194419:INFO:serviceManager.cpp(687)] mainprocessisrunning key is set as 0
[11036:17476:0331/194419:INFO:AppRunner.cpp(730)] close mutex of process geeplayer
[11036:17476:0331/194419:INFO:AppRunner.cpp(738)] run process geeplayer end
